   Compiling CPU_simulator v0.1.0 (/home/zhuzemu/homework/RISC-V-CPU-simulator/workspace/CPU/CPU_simulator)
error[E0425]: cannot find value `stall` in this scope
    --> src/modules/IsserImpl.rs:2721:7
     |
2721 |       stall
     |       ^^^^^
     |
help: the binding `stall` is available in a different scope in the same function
    --> src/modules/IsserImpl.rs:1993:9
     |
1993 |     let stall = {
     |         ^^^^^

error[E0425]: cannot find value `stop_signal` in this scope
    --> src/modules/IsserImpl.rs:2737:7
     |
2737 |       stop_signal
     |       ^^^^^^^^^^^ not found in this scope

warning: unused import: `super::simulator::Simulator`
 --> src/modules/mod.rs:1:5
  |
1 | use super::simulator::Simulator;
  |     ^^^^^^^^^^^^^^^^^^^^^^^^^^^
  |
  = note: `#[warn(unused_imports)]` (part of `#[warn(unused)]`) on by default

warning: unused imports: `Library` and `Symbol`
 --> src/modules/mod.rs:2:31
  |
2 | use sim_runtime::libloading::{Library, Symbol};
  |                               ^^^^^^^  ^^^^^^

warning: unused imports: `BigInt` and `BigUint`
 --> src/modules/mod.rs:3:31
  |
3 | use sim_runtime::num_bigint::{BigInt, BigUint};
  |                               ^^^^^^  ^^^^^^^

warning: unused import: `sim_runtime::*`
 --> src/modules/mod.rs:4:5
  |
4 | use sim_runtime::*;
  |     ^^^^^^^^^^^^^^

warning: unused import: `std::collections::VecDeque`
 --> src/modules/mod.rs:5:5
  |
5 | use std::collections::VecDeque;
  |     ^^^^^^^^^^^^^^^^^^^^^^^^^^

warning: unused imports: `CString`, `c_char`, `c_float`, `c_longlong`, and `c_void`
 --> src/modules/mod.rs:6:16
  |
6 | use std::ffi::{c_char, c_float, c_longlong, c_void, CString};
  |                ^^^^^^  ^^^^^^^  ^^^^^^^^^^  ^^^^^^  ^^^^^^^

warning: unused import: `std::sync::Arc`
 --> src/modules/mod.rs:7:5
  |
7 | use std::sync::Arc;
  |     ^^^^^^^^^^^^^^

warning: unused import: `BigInt`
 --> src/modules/ALUInstance.rs:2:31
  |
2 | use sim_runtime::num_bigint::{BigInt, BigUint};
  |                               ^^^^^^

warning: unused import: `std::ffi::c_void`
 --> src/modules/ALUInstance.rs:4:5
  |
4 | use std::ffi::c_void;
  |     ^^^^^^^^^^^^^^^^

warning: unused import: `BigInt`
 --> src/modules/CDB_Arbitrator.rs:2:31
  |
2 | use sim_runtime::num_bigint::{BigInt, BigUint};
  |                               ^^^^^^

warning: unused import: `std::ffi::c_void`
 --> src/modules/CDB_Arbitrator.rs:4:5
  |
4 | use std::ffi::c_void;
  |     ^^^^^^^^^^^^^^^^

warning: unused imports: `BigInt` and `BigUint`
 --> src/modules/CommiterInstance.rs:2:31
  |
2 | use sim_runtime::num_bigint::{BigInt, BigUint};
  |                               ^^^^^^  ^^^^^^^

warning: unused import: `std::ffi::c_void`
 --> src/modules/CommiterInstance.rs:4:5
  |
4 | use std::ffi::c_void;
  |     ^^^^^^^^^^^^^^^^

warning: unused imports: `BigInt` and `BigUint`
 --> src/modules/Driver.rs:2:31
  |
2 | use sim_runtime::num_bigint::{BigInt, BigUint};
  |                               ^^^^^^  ^^^^^^^

warning: unused import: `std::ffi::c_void`
 --> src/modules/Driver.rs:4:5
  |
4 | use std::ffi::c_void;
  |     ^^^^^^^^^^^^^^^^

warning: unused imports: `BigInt` and `BigUint`
 --> src/modules/FetcherImpl.rs:2:31
  |
2 | use sim_runtime::num_bigint::{BigInt, BigUint};
  |                               ^^^^^^  ^^^^^^^

warning: unused import: `std::ffi::c_void`
 --> src/modules/FetcherImpl.rs:4:5
  |
4 | use std::ffi::c_void;
  |     ^^^^^^^^^^^^^^^^

warning: unused imports: `BigInt` and `BigUint`
 --> src/modules/FetcherInstance.rs:2:31
  |
2 | use sim_runtime::num_bigint::{BigInt, BigUint};
  |                               ^^^^^^  ^^^^^^^

warning: unused import: `sim_runtime::*`
 --> src/modules/FetcherInstance.rs:3:5
  |
3 | use sim_runtime::*;
  |     ^^^^^^^^^^^^^^

warning: unused import: `std::ffi::c_void`
 --> src/modules/FetcherInstance.rs:4:5
  |
4 | use std::ffi::c_void;
  |     ^^^^^^^^^^^^^^^^

warning: unused import: `BigInt`
 --> src/modules/IsserImpl.rs:2:31
  |
2 | use sim_runtime::num_bigint::{BigInt, BigUint};
  |                               ^^^^^^

warning: unused import: `std::ffi::c_void`
 --> src/modules/IsserImpl.rs:4:5
  |
4 | use std::ffi::c_void;
  |     ^^^^^^^^^^^^^^^^

warning: unused imports: `BigInt` and `BigUint`
 --> src/modules/IssuerInstance.rs:2:31
  |
2 | use sim_runtime::num_bigint::{BigInt, BigUint};
  |                               ^^^^^^  ^^^^^^^

warning: unused import: `std::ffi::c_void`
 --> src/modules/IssuerInstance.rs:4:5
  |
4 | use std::ffi::c_void;
  |     ^^^^^^^^^^^^^^^^

warning: unused import: `BigInt`
 --> src/modules/LSQ_downstream.rs:2:31
  |
2 | use sim_runtime::num_bigint::{BigInt, BigUint};
  |                               ^^^^^^

warning: unused import: `std::ffi::c_void`
 --> src/modules/LSQ_downstream.rs:4:5
  |
4 | use std::ffi::c_void;
  |     ^^^^^^^^^^^^^^^^

warning: unused import: `BigInt`
 --> src/modules/LSUInstance.rs:2:31
  |
2 | use sim_runtime::num_bigint::{BigInt, BigUint};
  |                               ^^^^^^

warning: unused import: `std::ffi::c_void`
 --> src/modules/LSUInstance.rs:4:5
  |
4 | use std::ffi::c_void;
  |     ^^^^^^^^^^^^^^^^

warning: unused imports: `BigInt` and `BigUint`
 --> src/modules/MemeoryAccess.rs:2:31
  |
2 | use sim_runtime::num_bigint::{BigInt, BigUint};
  |                               ^^^^^^  ^^^^^^^

warning: unused import: `std::ffi::c_void`
 --> src/modules/MemeoryAccess.rs:4:5
  |
4 | use std::ffi::c_void;
  |     ^^^^^^^^^^^^^^^^

warning: unused import: `BigInt`
 --> src/modules/RS_downstream.rs:2:31
  |
2 | use sim_runtime::num_bigint::{BigInt, BigUint};
  |                               ^^^^^^

warning: unused import: `std::ffi::c_void`
 --> src/modules/RS_downstream.rs:4:5
  |
4 | use std::ffi::c_void;
  |     ^^^^^^^^^^^^^^^^

warning: unused imports: `BigInt` and `BigUint`
 --> src/modules/dcache.rs:2:31
  |
2 | use sim_runtime::num_bigint::{BigInt, BigUint};
  |                               ^^^^^^  ^^^^^^^

warning: unused import: `std::ffi::c_void`
 --> src/modules/dcache.rs:4:5
  |
4 | use std::ffi::c_void;
  |     ^^^^^^^^^^^^^^^^

warning: unused imports: `BigInt` and `BigUint`
 --> src/modules/icache.rs:2:31
  |
2 | use sim_runtime::num_bigint::{BigInt, BigUint};
  |                               ^^^^^^  ^^^^^^^

warning: unused import: `std::ffi::c_void`
 --> src/modules/icache.rs:4:5
  |
4 | use std::ffi::c_void;
  |     ^^^^^^^^^^^^^^^^

warning: unused import: `BigInt`
 --> src/simulator.rs:2:31
  |
2 | use sim_runtime::num_bigint::{BigInt, BigUint};
  |                               ^^^^^^

warning: unused import: `sim_runtime::rand::seq::SliceRandom`
 --> src/simulator.rs:3:5
  |
3 | use sim_runtime::rand::seq::SliceRandom;
  |     ^^^^^^^^^^^^^^^^^^^^^^^^^^^^^^^^^^^

warning: unused import: `std::sync::Arc`
 --> src/simulator.rs:7:5
  |
7 | use std::sync::Arc;
  |     ^^^^^^^^^^^^^^

warning: unused variable: `array_f64bf_rd_2`
   --> src/modules/CDB_Arbitrator.rs:658:9
    |
658 |     let array_f64bf_rd_2 = { sim.array_f64bf.payload[ROB_idx as usize].clone() };
    |         ^^^^^^^^^^^^^^^^ help: if this is intentional, prefix it with an underscore: `_array_f64bf_rd_2`
    |
    = note: `#[warn(unused_variables)]` (part of `#[warn(unused)]`) on by default

warning: unused variable: `array_f64cb_rd_3`
   --> src/modules/CDB_Arbitrator.rs:665:9
    |
665 |     let array_f64cb_rd_3 = { sim.array_f64cb.payload[ROB_idx as usize].clone() };
    |         ^^^^^^^^^^^^^^^^ help: if this is intentional, prefix it with an underscore: `_array_f64cb_rd_3`

warning: unused variable: `valid_and__lsu_valid`
   --> src/modules/CDB_Arbitrator.rs:674:9
    |
674 |     let valid_and__lsu_valid =
    |         ^^^^^^^^^^^^^^^^^^^^ help: if this is intentional, prefix it with an underscore: `_valid_and__lsu_valid`

warning: unused variable: `array_f64e9_rd_2`
   --> src/modules/CDB_Arbitrator.rs:677:11
    |
677 |       let array_f64e9_rd_2 = { sim.array_f64e9.payload[ROB_idx as usize].clone() };
    |           ^^^^^^^^^^^^^^^^ help: if this is intentional, prefix it with an underscore: `_array_f64e9_rd_2`

warning: unused variable: `array_f64f2_rd_2`
   --> src/modules/CDB_Arbitrator.rs:685:11
    |
685 |       let array_f64f2_rd_2 = { sim.array_f64f2.payload[ROB_idx as usize].clone() };
    |           ^^^^^^^^^^^^^^^^ help: if this is intentional, prefix it with an underscore: `_array_f64f2_rd_2`

warning: unused variable: `lsu_cbd_reg_rd_1`
   --> src/modules/CDB_Arbitrator.rs:708:9
    |
708 |     let lsu_cbd_reg_rd_1 = { sim.lsu_cbd_reg.payload[false as usize].clone() };
    |         ^^^^^^^^^^^^^^^^ help: if this is intentional, prefix it with an underscore: `_lsu_cbd_reg_rd_1`

warning: unused variable: `alu_cbd_reg_rd_1`
   --> src/modules/CDB_Arbitrator.rs:730:9
    |
730 |     let alu_cbd_reg_rd_1 = { sim.alu_cbd_reg.payload[false as usize].clone() };
    |         ^^^^^^^^^^^^^^^^ help: if this is intentional, prefix it with an underscore: `_alu_cbd_reg_rd_1`

warning: unused variable: `lsu_cbd_reg_rd_2`
   --> src/modules/CDB_Arbitrator.rs:754:9
    |
754 |     let lsu_cbd_reg_rd_2 = { sim.lsu_cbd_reg.payload[false as usize].clone() };
    |         ^^^^^^^^^^^^^^^^ help: if this is intentional, prefix it with an underscore: `_lsu_cbd_reg_rd_2`

warning: unused variable: `alu_cbd_reg_rd_2`
   --> src/modules/CDB_Arbitrator.rs:783:9
    |
783 |     let alu_cbd_reg_rd_2 = { sim.alu_cbd_reg.payload[false as usize].clone() };
    |         ^^^^^^^^^^^^^^^^ help: if this is intentional, prefix it with an underscore: `_alu_cbd_reg_rd_2`

warning: unused variable: `can_commit_and__array_f64_1`
  --> src/modules/CommiterInstance.rs:56:9
   |
56 |     let can_commit_and__array_f64_1 =
   |         ^^^^^^^^^^^^^^^^^^^^^^^^^^^ help: if this is intentional, prefix it with an underscore: `_can_commit_and__array_f64_1`

warning: unused variable: `regs_rd`
  --> src/modules/CommiterInstance.rs:78:11
   |
78 |       let regs_rd = { sim.regs.payload[array_f64c5_rd_2 as usize].clone() };
   |           ^^^^^^^ help: if this is intentional, prefix it with an underscore: `_regs_rd`

warning: unused variable: `can_commit_and__clear_pen`
  --> src/modules/CommiterInstance.rs:91:11
   |
91 |       let can_commit_and__clear_pen = {
   |           ^^^^^^^^^^^^^^^^^^^^^^^^^ help: if this is intentional, prefix it with an underscore: `_can_commit_and__clear_pen`

warning: unused variable: `reg_pending_rd_1`
  --> src/modules/CommiterInstance.rs:95:13
   |
95 |         let reg_pending_rd_1 = { sim.reg_pending.payload[array_f64c5_rd_2 as usize].clone() };
   |             ^^^^^^^^^^^^^^^^ help: if this is intentional, prefix it with an underscore: `_reg_pending_rd_1`

warning: unused variable: `array_f64b9_rd_1`
   --> src/modules/CommiterInstance.rs:108:9
    |
108 |     let array_f64b9_rd_1 = { sim.array_f64b9.payload[head as usize].clone() };
    |         ^^^^^^^^^^^^^^^^ help: if this is intentional, prefix it with an underscore: `_array_f64b9_rd_1`

warning: unused variable: `array_f64bf_rd_1`
   --> src/modules/CommiterInstance.rs:115:9
    |
115 |     let array_f64bf_rd_1 = { sim.array_f64bf.payload[head as usize].clone() };
    |         ^^^^^^^^^^^^^^^^ help: if this is intentional, prefix it with an underscore: `_array_f64bf_rd_1`

warning: unused variable: `array_f64d1_rd`
   --> src/modules/CommiterInstance.rs:122:9
    |
122 |     let array_f64d1_rd = { sim.array_f64d1.payload[head as usize].clone() };
    |         ^^^^^^^^^^^^^^ help: if this is intentional, prefix it with an underscore: `_array_f64d1_rd`

warning: unused variable: `array_f64cb_rd_2`
   --> src/modules/CommiterInstance.rs:147:9
    |
147 |     let array_f64cb_rd_2 = { sim.array_f64cb.payload[head as usize].clone() };
    |         ^^^^^^^^^^^^^^^^ help: if this is intentional, prefix it with an underscore: `_array_f64cb_rd_2`

warning: unused variable: `array_f64d7_rd_1`
   --> src/modules/CommiterInstance.rs:154:9
    |
154 |     let array_f64d7_rd_1 = { sim.array_f64d7.payload[head as usize].clone() };
    |         ^^^^^^^^^^^^^^^^ help: if this is intentional, prefix it with an underscore: `_array_f64d7_rd_1`

warning: unused variable: `array_f64e9_rd_1`
   --> src/modules/CommiterInstance.rs:161:9
    |
161 |     let array_f64e9_rd_1 = { sim.array_f64e9.payload[head as usize].clone() };
    |         ^^^^^^^^^^^^^^^^ help: if this is intentional, prefix it with an underscore: `_array_f64e9_rd_1`

warning: unused variable: `array_f64f2_rd_1`
   --> src/modules/CommiterInstance.rs:168:9
    |
168 |     let array_f64f2_rd_1 = { sim.array_f64f2.payload[head as usize].clone() };
    |         ^^^^^^^^^^^^^^^^ help: if this is intentional, prefix it with an underscore: `_array_f64f2_rd_1`

warning: unused variable: `array_f64b0_rd_1`
   --> src/modules/CommiterInstance.rs:178:9
    |
178 |     let array_f64b0_rd_1 = { sim.array_f64b0.payload[false as usize].clone() };
    |         ^^^^^^^^^^^^^^^^ help: if this is intentional, prefix it with an underscore: `_array_f64b0_rd_1`

warning: unused variable: `is_init_rd_1`
  --> src/modules/Driver.rs:11:9
   |
11 |     let is_init_rd_1 = { sim.is_init.payload[false as usize].clone() };
   |         ^^^^^^^^^^^^ help: if this is intentional, prefix it with an underscore: `_is_init_rd_1`

warning: unused variable: `tick_reg_rd`
  --> src/modules/Driver.rs:55:7
   |
55 |   let tick_reg_rd = { sim.tick_reg.payload[false as usize].clone() };
   |       ^^^^^^^^^^^ help: if this is intentional, prefix it with an underscore: `_tick_reg_rd`

warning: unused variable: `re_reg_rd_2`
   --> src/modules/FetcherImpl.rs:139:7
    |
139 |   let re_reg_rd_2 = { sim.re_reg.payload[false as usize].clone() };
    |       ^^^^^^^^^^^ help: if this is intentional, prefix it with an underscore: `_re_reg_rd_2`

warning: unused variable: `pc_reg_rd_1`
   --> src/modules/FetcherImpl.rs:162:9
    |
162 |     let pc_reg_rd_1 = { sim.pc_reg.payload[false as usize].clone() };
    |         ^^^^^^^^^^^ help: if this is intentional, prefix it with an underscore: `_pc_reg_rd_1`

warning: unused variable: `pc_addr`
 --> src/modules/FetcherInstance.rs:8:7
  |
8 |   let pc_addr = { sim.pc_reg.payload[false as usize].clone() };
  |       ^^^^^^^ help: if this is intentional, prefix it with an underscore: `_pc_addr`

warning: unused variable: `issue_stall`
 --> src/modules/LSQ_downstream.rs:9:7
  |
9 |   let issue_stall = {
  |       ^^^^^^^^^^^ help: if this is intentional, prefix it with an underscore: `_issue_stall`

warning: unused variable: `ROB_idx_and__array_f6528`
   --> src/modules/LSQ_downstream.rs:104:9
    |
104 |     let ROB_idx_and__array_f6528 = {
    |         ^^^^^^^^^^^^^^^^^^^^^^^^ help: if this is intentional, prefix it with an underscore: `_ROB_idx_and__array_f6528`

warning: unused variable: `array_f6534_rd_1`
   --> src/modules/LSQ_downstream.rs:109:11
    |
109 |       let array_f6534_rd_1 = { sim.array_f6534.payload[false as usize].clone() };
    |           ^^^^^^^^^^^^^^^^ help: if this is intentional, prefix it with an underscore: `_array_f6534_rd_1`

warning: unused variable: `ROB_idx_and__array_f652e`
   --> src/modules/LSQ_downstream.rs:169:9
    |
169 |     let ROB_idx_and__array_f652e = {
    |         ^^^^^^^^^^^^^^^^^^^^^^^^ help: if this is intentional, prefix it with an underscore: `_ROB_idx_and__array_f652e`

warning: unused variable: `array_f653a_rd_1`
   --> src/modules/LSQ_downstream.rs:174:11
    |
174 |       let array_f653a_rd_1 = { sim.array_f653a.payload[false as usize].clone() };
    |           ^^^^^^^^^^^^^^^^ help: if this is intentional, prefix it with an underscore: `_array_f653a_rd_1`

warning: unused variable: `array_f64f8_rd_4`
   --> src/modules/LSQ_downstream.rs:258:9
    |
258 |     let array_f64f8_rd_4 = { sim.array_f64f8.payload[false as usize].clone() };
    |         ^^^^^^^^^^^^^^^^ help: if this is intentional, prefix it with an underscore: `_array_f64f8_rd_4`

warning: unused variable: `array_f651c_rd_3`
   --> src/modules/LSQ_downstream.rs:265:9
    |
265 |     let array_f651c_rd_3 = { sim.array_f651c.payload[false as usize].clone() };
    |         ^^^^^^^^^^^^^^^^ help: if this is intentional, prefix it with an underscore: `_array_f651c_rd_3`

warning: unused variable: `array_f6522_rd_3`
   --> src/modules/LSQ_downstream.rs:272:9
    |
272 |     let array_f6522_rd_3 = { sim.array_f6522.payload[false as usize].clone() };
    |         ^^^^^^^^^^^^^^^^ help: if this is intentional, prefix it with an underscore: `_array_f6522_rd_3`

warning: unused variable: `array_f654c_rd`
   --> src/modules/LSQ_downstream.rs:279:9
    |
279 |     let array_f654c_rd = { sim.array_f654c.payload[false as usize].clone() };
    |         ^^^^^^^^^^^^^^ help: if this is intentional, prefix it with an underscore: `_array_f654c_rd`

warning: unused variable: `array_f64f8_and__not__1`
   --> src/modules/LSQ_downstream.rs:381:9
    |
381 |     let array_f64f8_and__not__1 = {
    |         ^^^^^^^^^^^^^^^^^^^^^^^ help: if this is intentional, prefix it with an underscore: `_array_f64f8_and__not__1`

warning: unused variable: `array_f653a_rd_2`
   --> src/modules/LSQ_downstream.rs:386:11
    |
386 |       let array_f653a_rd_2 = { sim.array_f653a.payload[false as usize].clone() };
    |           ^^^^^^^^^^^^^^^^ help: if this is intentional, prefix it with an underscore: `_array_f653a_rd_2`

warning: unused variable: `array_f64f8_and__array_f6_3`
   --> src/modules/LSQ_downstream.rs:491:9
    |
491 |     let array_f64f8_and__array_f6_3 = {
    |         ^^^^^^^^^^^^^^^^^^^^^^^^^^^ help: if this is intentional, prefix it with an underscore: `_array_f64f8_and__array_f6_3`

warning: unused variable: `array_f654c_rd_3`
   --> src/modules/LSQ_downstream.rs:552:11
    |
552 |       let array_f654c_rd_3 = { sim.array_f654c.payload[false as usize].clone() };
    |           ^^^^^^^^^^^^^^^^ help: if this is intentional, prefix it with an underscore: `_array_f654c_rd_3`

warning: unused variable: `array_f64f8_and__array_f6_4`
   --> src/modules/LSQ_downstream.rs:611:9
    |
611 |     let array_f64f8_and__array_f6_4 = {
    |         ^^^^^^^^^^^^^^^^^^^^^^^^^^^ help: if this is intentional, prefix it with an underscore: `_array_f64f8_and__array_f6_4`

warning: unused variable: `array_f654c_rd_4`
   --> src/modules/LSQ_downstream.rs:671:11
    |
671 |       let array_f654c_rd_4 = { sim.array_f654c.payload[false as usize].clone() };
    |           ^^^^^^^^^^^^^^^^ help: if this is intentional, prefix it with an underscore: `_array_f654c_rd_4`

warning: unused variable: `issue_stall_1`
 --> src/modules/RS_downstream.rs:9:7
  |
9 |   let issue_stall_1 = {
  |       ^^^^^^^^^^^^^ help: if this is intentional, prefix it with an underscore: `_issue_stall_1`

warning: unused variable: `ROB_idx_and__array_f6441`
   --> src/modules/RS_downstream.rs:168:9
    |
168 |     let ROB_idx_and__array_f6441 = {
    |         ^^^^^^^^^^^^^^^^^^^^^^^^ help: if this is intentional, prefix it with an underscore: `_ROB_idx_and__array_f6441`

warning: unused variable: `array_f6435_rd_1`
   --> src/modules/RS_downstream.rs:173:11
    |
173 |       let array_f6435_rd_1 = { sim.array_f6435.payload[false as usize].clone() };
    |           ^^^^^^^^^^^^^^^^ help: if this is intentional, prefix it with an underscore: `_array_f6435_rd_1`

warning: unused variable: `ROB_idx_and__array_f6447`
   --> src/modules/RS_downstream.rs:232:9
    |
232 |     let ROB_idx_and__array_f6447 = {
    |         ^^^^^^^^^^^^^^^^^^^^^^^^ help: if this is intentional, prefix it with an underscore: `_ROB_idx_and__array_f6447`

warning: unused variable: `array_f643b_rd_1`
   --> src/modules/RS_downstream.rs:237:11
    |
237 |       let array_f643b_rd_1 = { sim.array_f643b.payload[false as usize].clone() };
    |           ^^^^^^^^^^^^^^^^ help: if this is intentional, prefix it with an underscore: `_array_f643b_rd_1`

warning: unused variable: `array_f642c_rd_4`
   --> src/modules/RS_downstream.rs:320:9
    |
320 |     let array_f642c_rd_4 = { sim.array_f642c.payload[false as usize].clone() };
    |         ^^^^^^^^^^^^^^^^ help: if this is intentional, prefix it with an underscore: `_array_f642c_rd_4`

warning: unused variable: `array_f644d_rd_3`
   --> src/modules/RS_downstream.rs:327:9
    |
327 |     let array_f644d_rd_3 = { sim.array_f644d.payload[false as usize].clone() };
    |         ^^^^^^^^^^^^^^^^ help: if this is intentional, prefix it with an underscore: `_array_f644d_rd_3`

warning: unused variable: `array_f6453_rd_3`
   --> src/modules/RS_downstream.rs:334:9
    |
334 |     let array_f6453_rd_3 = { sim.array_f6453.payload[false as usize].clone() };
    |         ^^^^^^^^^^^^^^^^ help: if this is intentional, prefix it with an underscore: `_array_f6453_rd_3`

warning: unused variable: `array_f6498_rd`
   --> src/modules/RS_downstream.rs:341:9
    |
341 |     let array_f6498_rd = { sim.array_f6498.payload[false as usize].clone() };
    |         ^^^^^^^^^^^^^^ help: if this is intentional, prefix it with an underscore: `_array_f6498_rd`

warning: unused variable: `array_f6498_rd_2`
   --> src/modules/RS_downstream.rs:490:9
    |
490 |     let array_f6498_rd_2 = { sim.array_f6498.payload[false as usize].clone() };
    |         ^^^^^^^^^^^^^^^^ help: if this is intentional, prefix it with an underscore: `_array_f6498_rd_2`

warning: unnecessary `unsafe` block
   --> src/simulator.rs:584:5
    |
584 |     unsafe {
    |     ^^^^^^ unnecessary `unsafe` block
    |
    = note: `#[warn(unused_unsafe)]` (part of `#[warn(unused)]`) on by default

For more information about this error, try `rustc --explain E0425`.
warning: `CPU_simulator` (bin "CPU_simulator") generated 91 warnings
error: could not compile `CPU_simulator` (bin "CPU_simulator") due to 2 previous errors; 91 warnings emitted
